objc[5213]: Class JSWTFMainThreadCaller is implemented in both /Applications/Xcode.app/Contents/Developer/Platforms/iPhoneSimulator.platform/Developer/SDKs/iPhoneSimulator6.1.sdk/System/Library/PrivateFrameworks/JavaScriptCore.framework/JavaScriptCore and /Users/barryalexander/Library/Application Support/iPhone Simulator/6.1/Applications/22752BEF-7F6A-4A9A-BBAF-9965AD9A4F61/LocusLite.app/LocusLite. One of the two will be used. Which one is undefined.
2013-09-22 20:50:32.137 LocusLite[5213:19103] Multi-tasking -> Device: YES, App: YES
2013-09-22 20:50:32.980 LocusLite[5213:19103] Launching Couchbase Lite...
2013-09-22 20:50:33.667 LocusLite[5213:19103] Couchbase Lite url = http://lite.couchbase./
2013-09-22 20:50:33.667 LocusLite[5213:19103] [CDVTimer][cblite] 686.546028ms
2013-09-22 20:50:33.667 LocusLite[5213:19103] [CDVTimer][TotalPluginStartup] 686.744988ms
2013-09-22 20:50:33.855 LocusLite[5213:19103] Resetting plugins due to page load.
2013-09-22 20:50:34.924 LocusLite[5213:19103] Finished load of: file:///Users/barryalexander/Library/Application%20Support/iPhone%20Simulator/6.1/Applications/22752BEF-7F6A-4A9A-BBAF-9965AD9A4F61/LocusLite.app/www/index.html
objc[4440]: Class JSWTFMainThreadCaller is implemented in both /Applications/Xcode.app/Contents/Developer/Platforms/iPhoneSimulator.platform/Developer/SDKs/iPhoneSimulator6.1.sdk/System/Library/PrivateFrameworks/JavaScriptCore.framework/JavaScriptCore and /Users/barryalexander/Library/Application Support/iPhone Simulator/6.1/Applications/22752BEF-7F6A-4A9A-BBAF-9965AD9A4F61/LocusLite.app/LocusLite. One of the two will be used. Which one is undefined.
2013-10-04 22:34:15.554 LocusLite[4440:19103] Multi-tasking -> Device: YES, App: YES
2013-10-04 22:34:16.621 LocusLite[4440:19103] Launching Couchbase Lite...
2013-10-04 22:34:16.625 LocusLite[4440:19103] Couchbase Lite url = http://lite.couchbase./
2013-10-04 22:34:16.626 LocusLite[4440:19103] [CDVTimer][cblite] 4.297018ms
2013-10-04 22:34:16.626 LocusLite[4440:19103] [CDVTimer][TotalPluginStartup] 4.513025ms
2013-10-04 22:34:17.388 LocusLite[4440:19103] Resetting plugins due to page load.
2013-10-04 22:34:18.396 LocusLite[4440:19103] Finished load of: file:///Users/barryalexander/Library/Application%20Support/iPhone%20Simulator/6.1/Applications/22752BEF-7F6A-4A9A-BBAF-9965AD9A4F61/LocusLite.app/www/index.html
Terminating in response to SpringBoard's termination.
objc[7123]: Class JSWTFMainThreadCaller is implemented in both /Applications/Xcode.app/Contents/Developer/Platforms/iPhoneSimulator.platform/Developer/SDKs/iPhoneSimulator6.1.sdk/System/Library/PrivateFrameworks/JavaScriptCore.framework/JavaScriptCore and /Users/barryalexander/Library/Application Support/iPhone Simulator/6.1/Applications/22752BEF-7F6A-4A9A-BBAF-9965AD9A4F61/LocusLite.app/LocusLite. One of the two will be used. Which one is undefined.
2013-10-05 17:28:11.353 LocusLite[7123:19103] Multi-tasking -> Device: YES, App: YES
2013-10-05 17:28:13.992 LocusLite[7123:19103] Launching Couchbase Lite...
2013-10-05 17:28:14.920 LocusLite[7123:19103] Couchbase Lite url = http://lite.couchbase./
2013-10-05 17:28:14.920 LocusLite[7123:19103] [CDVTimer][cblite] 962.072968ms
2013-10-05 17:28:14.921 LocusLite[7123:19103] [CDVTimer][TotalPluginStartup] 962.239027ms
2013-10-05 17:28:15.670 LocusLite[7123:19103] Resetting plugins due to page load.
2013-10-05 17:28:16.689 LocusLite[7123:19103] Finished load of: file:///Users/barryalexander/Library/Application%20Support/iPhone%20Simulator/6.1/Applications/22752BEF-7F6A-4A9A-BBAF-9965AD9A4F61/LocusLite.app/www/index.html
Terminating in response to SpringBoard's termination.
objc[7570]: Class JSWTFMainThreadCaller is implemented in both /Applications/Xcode.app/Contents/Developer/Platforms/iPhoneSimulator.platform/Developer/SDKs/iPhoneSimulator6.1.sdk/System/Library/PrivateFrameworks/JavaScriptCore.framework/JavaScriptCore and /Users/barryalexander/Library/Application Support/iPhone Simulator/6.1/Applications/22752BEF-7F6A-4A9A-BBAF-9965AD9A4F61/LocusLite.app/LocusLite. One of the two will be used. Which one is undefined.
2013-10-05 17:33:30.693 LocusLite[7570:19103] Multi-tasking -> Device: YES, App: YES
2013-10-05 17:33:32.146 LocusLite[7570:19103] Launching Couchbase Lite...
2013-10-05 17:33:33.859 LocusLite[7570:19103] Couchbase Lite url = http://lite.couchbase./
2013-10-05 17:33:33.859 LocusLite[7570:19103] [CDVTimer][cblite] 1713.106036ms
2013-10-05 17:33:33.859 LocusLite[7570:19103] [CDVTimer][TotalPluginStartup] 1713.468969ms
2013-10-05 17:33:35.713 LocusLite[7570:19103] Resetting plugins due to page load.
2013-10-05 17:33:38.312 LocusLite[7570:19103] Finished load of: file:///Users/barryalexander/Library/Application%20Support/iPhone%20Simulator/6.1/Applications/22752BEF-7F6A-4A9A-BBAF-9965AD9A4F61/LocusLite.app/www/index.html
2013-10-05 17:33:38.961 LocusLite[7570:19103] THREAD WARNING: ['Geolocation'] took '209.909912' ms. Plugin should use a background thread.
Terminating in response to SpringBoard's termination.
